<?xml version="1.0" encoding="UTF-8"?>
<!-- Generated by org.testng.reporters.JUnitReportReporter -->
<testsuite hostname="Unni" failures="0" tests="1" name="test.RegisterTest" time="5.907" errors="0" timestamp="2023-10-10T15:10:35 EDT" skipped="0">
  <testcase classname="test.RegisterTest" name="validateUserSHouldBeAbleToRegister" time="5.907"/>
  <system-out/>
</testsuite> <!-- test.RegisterTest -->
